<?xml version="1.0" encoding="UTF-8"?>
<!-- Generated by org.testng.reporters.JUnitXMLReporter -->
<testsuite hostname="PMCLAP1253" tests="1" failures="0" timestamp="25 Sep 2020 04:16:08 GMT" time="0.017" errors="0">
  <testcase name="@BeforeClass GoToUrl" time="0.0" classname="GoogleLandingPageTest">
    <failure type="java.lang.NullPointerException">
      <![CDATA[java.lang.NullPointerException
	at GoogleLandingPageTest.GoToUrl(GoogleLandingPageTest.java:16)
	at java.util.concurrent.ThreadPoolExecutor.runWorker(ThreadPoolExecutor.java:1149)
	at java.util.concurrent.ThreadPoolExecutor$Worker.run(ThreadPoolExecutor.java:624)
	at java.lang.Thread.run(Thread.java:748)
... Removed 10 stack frames]]>
    </failure>
  </testcase> <!-- @BeforeClass GoToUrl -->
  <testcase name="@BeforeMethod initialization" time="0.0" classname="GoogleLandingPageTest">
    <skipped/>
  </testcase> <!-- @BeforeMethod initialization -->
  <testcase name="@AfterTest closeTestBrowserInstance" time="0.0" classname="GoogleLandingPageTest">
    <skipped/>
  </testcase> <!-- @AfterTest closeTestBrowserInstance -->
  <testcase name="verifyTitle" time="0.002" classname="GoogleLandingPageTest">
    <skipped/>
  </testcase> <!-- verifyTitle -->
</testsuite>
