<?xml version="1.0" encoding="UTF-8"?>
<testng-results skipped="0" failed="0" total="2" passed="2">
  <reporter-output>
  </reporter-output>
  <suite name="Test Suite" duration-ms="17310" started-at="2020-09-28T11:04:19Z" finished-at="2020-09-28T11:04:36Z">
    <groups>
    </groups>
    <test name="parallel chrome Tests" duration-ms="17310" started-at="2020-09-28T11:04:19Z" finished-at="2020-09-28T11:04:36Z">
      <class name="locationAndSize">
        <test-method status="PASS" signature="initialization(java.lang.String)[pri:0, instance:locationAndSize@7ca48474]" name="initialization" is-config="true" duration-ms="7143" started-at="2020-09-28T16:34:19Z" finished-at="2020-09-28T16:34:26Z">
          <params>
            <param index="0">
              <value>
                <![CDATA[chrome]]>
              </value>
            </param>
          </params>
          <reporter-output>
          </reporter-output>
        </test-method> <!-- initialization -->
        <test-method status="PASS" signature="location()[pri:0, instance:locationAndSize@7ca48474]" name="location" duration-ms="3220" started-at="2020-09-28T16:34:26Z" finished-at="2020-09-28T16:34:29Z">
          <reporter-output>
          </reporter-output>
        </test-method> <!-- location -->
        <test-method status="PASS" signature="tearDown()[pri:0, instance:locationAndSize@7ca48474]" name="tearDown" is-config="true" duration-ms="93" started-at="2020-09-28T16:34:29Z" finished-at="2020-09-28T16:34:29Z">
          <reporter-output>
          </reporter-output>
        </test-method> <!-- tearDown -->
      </class> <!-- locationAndSize -->
      <class name="GoogleLandingPageTest">
        <test-method status="PASS" signature="initialization(java.lang.String)[pri:0, instance:GoogleLandingPageTest@337d0578]" name="initialization" is-config="true" duration-ms="7136" started-at="2020-09-28T16:34:19Z" finished-at="2020-09-28T16:34:26Z">
          <params>
            <param index="0">
              <value>
                <![CDATA[chrome]]>
              </value>
            </param>
          </params>
          <reporter-output>
          </reporter-output>
        </test-method> <!-- initialization -->
        <test-method status="PASS" signature="verifyTitle()[pri:0, instance:GoogleLandingPageTest@337d0578]" name="verifyTitle" duration-ms="5843" started-at="2020-09-28T16:34:26Z" finished-at="2020-09-28T16:34:32Z">
          <reporter-output>
          </reporter-output>
        </test-method> <!-- verifyTitle -->
        <test-method status="PASS" signature="tearDown()[pri:0, instance:GoogleLandingPageTest@337d0578]" name="tearDown" is-config="true" duration-ms="4319" started-at="2020-09-28T16:34:32Z" finished-at="2020-09-28T16:34:36Z">
          <reporter-output>
          </reporter-output>
        </test-method> <!-- tearDown -->
      </class> <!-- GoogleLandingPageTest -->
    </test> <!-- parallel chrome Tests -->
  </suite> <!-- Test Suite -->
</testng-results>
