<?xml version="1.0" encoding="UTF-8"?>
<!-- Generated by org.testng.reporters.JUnitXMLReporter -->
<testsuite hostname="PMCLAP1253" ignored="0" tests="4" failures="1" timestamp="2020-02-27T14:59:34 IST" time="8.396" errors="0">
  <testcase name="verifyTitle" time="0.174" classname="GoogleLandingPageTest">
    <skipped/>
  </testcase> <!-- verifyTitle -->
  <testcase name="verifyTitle" time="0.0" classname="GoogleLandingPageTest">
    <skipped/>
  </testcase> <!-- verifyTitle -->
  <testcase name="verifyTitle" time="0.001" classname="GoogleLandingPageTest">
    <skipped/>
  </testcase> <!-- verifyTitle -->
  <testcase name="verifyTitle" time="0.0" classname="GoogleLandingPageTest">
    <failure type="java.lang.AssertionError" message="expected [Joogle] but found [Google]">
      <![CDATA[java.lang.AssertionError: expected [Joogle] but found [Google]
at GoogleLandingPageTest.verifyTitle(GoogleLandingPageTest.java:18)
at java.util.ArrayList.forEach(ArrayList.java:1257)
... Removed 36 stack frames]]>
    </failure>
  </testcase> <!-- verifyTitle -->
</testsuite>
